2024-10-10 15:22:56.827 [info] Log level: Info
2024-10-10 15:22:56.827 [info] Validating found git in: "git"
2024-10-10 15:22:56.827 [info] Using git "2.43.0" from "git"
2024-10-10 15:22:56.827 [info] > git rev-parse --show-toplevel [2ms]
2024-10-10 15:22:56.827 [info] fatal: not a git repository (or any parent up to mount point /)
Stopping at filesystem boundary (GIT_DISCOVERY_ACROSS_FILESYSTEM not set).
2024-10-10 15:22:56.827 [info] > git rev-parse --show-toplevel [10ms]
2024-10-10 15:22:56.827 [info] fatal: not a git repository (or any parent up to mount point /)
Stopping at filesystem boundary (GIT_DISCOVERY_ACROSS_FILESYSTEM not set).
2024-10-10 15:22:56.827 [info] > git rev-parse --show-toplevel [1ms]
2024-10-10 15:22:56.827 [info] fatal: not a git repository (or any parent up to mount point /)
Stopping at filesystem boundary (GIT_DISCOVERY_ACROSS_FILESYSTEM not set).
2024-10-10 15:22:56.827 [info] > git rev-parse --show-toplevel [3ms]
2024-10-10 15:22:56.827 [info] fatal: not a git repository (or any parent up to mount point /)
Stopping at filesystem boundary (GIT_DISCOVERY_ACROSS_FILESYSTEM not set).
2024-10-10 15:22:56.827 [info] > git rev-parse --show-toplevel [5ms]
2024-10-10 15:22:56.827 [info] fatal: not a git repository (or any parent up to mount point /)
Stopping at filesystem boundary (GIT_DISCOVERY_ACROSS_FILESYSTEM not set).
2024-10-10 15:22:56.828 [info] > git rev-parse --show-toplevel [2ms]
2024-10-10 15:22:56.829 [info] fatal: not a git repository (or any parent up to mount point /)
Stopping at filesystem boundary (GIT_DISCOVERY_ACROSS_FILESYSTEM not set).
2024-10-10 15:22:56.836 [info] > git rev-parse --show-toplevel [2ms]
2024-10-10 15:22:56.837 [info] fatal: not a git repository (or any parent up to mount point /)
Stopping at filesystem boundary (GIT_DISCOVERY_ACROSS_FILESYSTEM not set).
2024-10-10 15:22:56.844 [info] > git rev-parse --show-toplevel [1ms]
2024-10-10 15:22:56.844 [info] fatal: not a git repository (or any parent up to mount point /)
Stopping at filesystem boundary (GIT_DISCOVERY_ACROSS_FILESYSTEM not set).
2024-10-10 15:22:56.851 [info] > git rev-parse --show-toplevel [1ms]
2024-10-10 15:22:56.852 [info] fatal: not a git repository (or any parent up to mount point /)
Stopping at filesystem boundary (GIT_DISCOVERY_ACROSS_FILESYSTEM not set).
2024-10-10 15:22:56.859 [info] > git rev-parse --show-toplevel [1ms]
2024-10-10 15:22:56.859 [info] fatal: not a git repository (or any parent up to mount point /)
Stopping at filesystem boundary (GIT_DISCOVERY_ACROSS_FILESYSTEM not set).
2024-10-10 15:22:56.866 [info] > git rev-parse --show-toplevel [2ms]
2024-10-10 15:22:56.866 [info] fatal: not a git repository (or any parent up to mount point /)
Stopping at filesystem boundary (GIT_DISCOVERY_ACROSS_FILESYSTEM not set).
2024-10-10 15:22:58.419 [info] > git rev-parse --show-toplevel [3ms]
2024-10-10 15:22:58.419 [info] fatal: not a git repository (or any parent up to mount point /)
Stopping at filesystem boundary (GIT_DISCOVERY_ACROSS_FILESYSTEM not set).
2024-10-10 15:22:58.571 [info] > git rev-parse --show-toplevel [3ms]
2024-10-10 15:22:58.571 [info] fatal: not a git repository (or any parent up to mount point /)
Stopping at filesystem boundary (GIT_DISCOVERY_ACROSS_FILESYSTEM not set).
2024-10-10 15:23:16.760 [info] > git rev-parse --show-toplevel [15ms]
2024-10-10 15:23:16.760 [info] fatal: not a git repository (or any parent up to mount point /)
Stopping at filesystem boundary (GIT_DISCOVERY_ACROSS_FILESYSTEM not set).
