2024-10-10 14:34:23.788 [info] Extension host with pid 2391 started
2024-10-10 14:34:23.822 [info] Lock '/home/student_02_439769e97d04/.codeoss/data/User/workspaceStorage/-368acfc0/vscode.lock': Lock acquired.
2024-10-10 14:34:24.142 [info] ExtensionService#_doActivateExtension vscode.git-base, startup: true, activationEvent: '*', root cause: vscode.git
2024-10-10 14:34:24.314 [info] ExtensionService#_doActivateExtension vscode.git, startup: true, activationEvent: '*'
2024-10-10 14:34:24.314 [info] ExtensionService#_doActivateExtension vscode.github, startup: true, activationEvent: '*'
2024-10-10 14:34:31.145 [info] Not activating extension 'hashicorp.terraform': Timed out while searching for 'workspaceContains' pattern **/*.tf,**/*.tfvars
2024-10-10 14:34:31.145 [info] Not activating extension 'redhat.fabric8-analytics': Timed out while searching for 'workspaceContains' pattern **/package.json,**/pom.xml,**/go.mod,**/requirements.txt
2024-10-10 14:34:31.147 [info] Not activating extension 'redhat.java': Timed out while searching for 'workspaceContains' pattern */pom.xml,*/build.gradle,*/settings.gradle,*/build.gradle.kts,*/settings.gradle.kts,*/.classpath
2024-10-10 14:34:31.148 [info] Not activating extension 'vscjava.vscode-java-dependency': Timed out while searching for 'workspaceContains' pattern */pom.xml,*/build.gradle,*/settings.gradle,*/build.gradle.kts,*/settings.gradle.kts,*/.classpath
2024-10-10 14:34:31.148 [info] Not activating extension 'vscjava.vscode-java-test': Timed out while searching for 'workspaceContains' pattern */pom.xml,*/build.gradle,*/settings.gradle,*/build.gradle.kts,*/settings.gradle.kts,*/.classpath
2024-10-10 14:34:31.148 [info] Not activating extension 'vscjava.vscode-maven': Timed out while searching for 'workspaceContains' pattern **/pom.xml
2024-10-10 14:34:31.335 [info] Eager extensions activated
2024-10-10 14:34:31.336 [info] ExtensionService#_doActivateExtension EditorConfig.EditorConfig, startup: false, activationEvent: 'onStartupFinished'
2024-10-10 14:34:31.336 [info] ExtensionService#_doActivateExtension google.cloud-shell, startup: false, activationEvent: 'onStartupFinished'
2024-10-10 14:34:31.337 [info] ExtensionService#_doActivateExtension googlecloudtools.cloudcode, startup: false, activationEvent: 'onStartupFinished'
2024-10-10 14:34:31.338 [info] ExtensionService#_doActivateExtension vscode.debug-auto-launch, startup: false, activationEvent: 'onStartupFinished'
2024-10-10 14:34:31.338 [info] ExtensionService#_doActivateExtension vscode.merge-conflict, startup: false, activationEvent: 'onStartupFinished'
2024-10-10 14:34:34.394 [info] ExtensionService#_doActivateExtension vscode.json-language-features, startup: false, activationEvent: 'onLanguage:jsonc'
2024-10-10 14:34:34.396 [info] ExtensionService#_doActivateExtension vscode.typescript-language-features, startup: false, activationEvent: 'onLanguage:jsonc'
2024-10-10 14:34:34.397 [info] ExtensionService#_doActivateExtension vscode.emmet, startup: false, activationEvent: 'onLanguage'
2024-10-10 14:59:11.177 [info] ExtensionService#_doActivateExtension golang.go, startup: false, activationEvent: 'onLanguage:go'
2024-10-10 15:22:42.365 [info] Extension host terminating: received terminate message from renderer
2024-10-10 15:22:42.367 [info] Lock '/home/student_02_439769e97d04/.codeoss/data/User/workspaceStorage/-368acfc0/vscode.lock': Marking the lockfile as scheduled to be released in 6000 ms.
2024-10-10 15:22:42.424 [info] Extension host with pid 2391 exiting with code 0
