2024-10-10 15:22:55.916 [info] Extension host with pid 5492 started
2024-10-10 15:22:55.917 [error] Error: EEXIST: file already exists, open '/home/student_02_439769e97d04/.codeoss/data/User/workspaceStorage/-368acfc0/vscode.lock'
2024-10-10 15:22:55.928 [info] Lock '/home/student_02_439769e97d04/.codeoss/data/User/workspaceStorage/-368acfc0/vscode.lock': Could not acquire lock, checking if the file is stale.
2024-10-10 15:22:55.943 [info] Lock '/home/student_02_439769e97d04/.codeoss/data/User/workspaceStorage/-368acfc0/vscode.lock': The lock does not look stale, elapsed: 236 ms, giving up.
2024-10-10 15:22:55.972 [info] Lock '/home/student_02_439769e97d04/.codeoss/data/User/workspaceStorage/-368acfc0-1/vscode.lock': Lock acquired.
2024-10-10 15:22:56.196 [info] ExtensionService#_doActivateExtension vscode.emmet, startup: false, activationEvent: 'onLanguage'
2024-10-10 15:22:56.409 [info] ExtensionService#_doActivateExtension vscode.git-base, startup: true, activationEvent: '*', root cause: vscode.git
2024-10-10 15:22:56.526 [info] ExtensionService#_doActivateExtension vscode.git, startup: true, activationEvent: '*'
2024-10-10 15:22:56.527 [info] ExtensionService#_doActivateExtension vscode.github, startup: true, activationEvent: '*'
2024-10-10 15:23:03.412 [info] Not activating extension 'hashicorp.terraform': Timed out while searching for 'workspaceContains' pattern **/*.tf,**/*.tfvars
2024-10-10 15:23:03.413 [info] Not activating extension 'redhat.fabric8-analytics': Timed out while searching for 'workspaceContains' pattern **/package.json,**/pom.xml,**/go.mod,**/requirements.txt
2024-10-10 15:23:03.413 [info] Not activating extension 'redhat.java': Timed out while searching for 'workspaceContains' pattern */pom.xml,*/build.gradle,*/settings.gradle,*/build.gradle.kts,*/settings.gradle.kts,*/.classpath
2024-10-10 15:23:03.413 [info] Not activating extension 'vscjava.vscode-java-dependency': Timed out while searching for 'workspaceContains' pattern */pom.xml,*/build.gradle,*/settings.gradle,*/build.gradle.kts,*/settings.gradle.kts,*/.classpath
2024-10-10 15:23:03.414 [info] Not activating extension 'vscjava.vscode-java-test': Timed out while searching for 'workspaceContains' pattern */pom.xml,*/build.gradle,*/settings.gradle,*/build.gradle.kts,*/settings.gradle.kts,*/.classpath
2024-10-10 15:23:03.415 [info] Not activating extension 'vscjava.vscode-maven': Timed out while searching for 'workspaceContains' pattern **/pom.xml
2024-10-10 15:23:03.476 [info] Eager extensions activated
2024-10-10 15:23:03.477 [info] ExtensionService#_doActivateExtension EditorConfig.EditorConfig, startup: false, activationEvent: 'onStartupFinished'
2024-10-10 15:23:03.478 [info] ExtensionService#_doActivateExtension google.cloud-shell, startup: false, activationEvent: 'onStartupFinished'
2024-10-10 15:23:03.484 [info] ExtensionService#_doActivateExtension googlecloudtools.cloudcode, startup: false, activationEvent: 'onStartupFinished'
2024-10-10 15:23:03.485 [info] ExtensionService#_doActivateExtension vscode.debug-auto-launch, startup: false, activationEvent: 'onStartupFinished'
2024-10-10 15:23:03.486 [info] ExtensionService#_doActivateExtension vscode.merge-conflict, startup: false, activationEvent: 'onStartupFinished'
2024-10-10 15:23:13.095 [info] ExtensionService#_doActivateExtension vscode.json-language-features, startup: false, activationEvent: 'onLanguage:jsonc'
2024-10-10 15:23:13.099 [info] ExtensionService#_doActivateExtension vscode.typescript-language-features, startup: false, activationEvent: 'onLanguage:jsonc'
2024-10-10 15:24:12.765 [info] Extension host terminating: received terminate message from renderer
2024-10-10 15:24:12.766 [info] Lock '/home/student_02_439769e97d04/.codeoss/data/User/workspaceStorage/-368acfc0-1/vscode.lock': Marking the lockfile as scheduled to be released in 6000 ms.
2024-10-10 15:24:12.787 [info] Extension host with pid 5492 exiting with code 0
