Initializing document watcher...
Document watcher initialized
student_02_439769e97d04/prometheus-app.yaml: {}
student_02_439769e97d04/prometheus-app.yaml: {}
student_02_439769e97d04/prometheus-app.yaml: {}
student_02_439769e97d04/prometheus-app.yaml: Using EditorConfig core...
student_02_439769e97d04/prometheus-app.yaml: {}
student_02_439769e97d04/prometheus-app.yaml: Using EditorConfig core...
student_02_439769e97d04/prometheus-app.yaml: {}
student_02_439769e97d04/prometheus-app.yaml: Using EditorConfig core...
student_02_439769e97d04/prometheus-app.yaml: {}
student_02_439769e97d04/prometheus-app.yaml: {}
student_02_439769e97d04/README-cloudshell.txt: {}
student_02_439769e97d04/prometheus-app.yaml: {}
No more open editors.
student_02_439769e97d04/README-cloudshell.txt: {}
student_02_439769e97d04/prometheus-app.yaml: {}
student_02_439769e97d04/prometheus-app.yaml: {}
student_02_439769e97d04/prometheus-app.yaml: Using EditorConfig core...
student_02_439769e97d04/prometheus-app.yaml: {}
student_02_439769e97d04/prometheus-app.yaml: Using EditorConfig core...
student_02_439769e97d04/prometheus-app.yaml: {}
student_02_439769e97d04/prometheus-app.yaml: Using EditorConfig core...
student_02_439769e97d04/prometheus-app.yaml: {}
student_02_439769e97d04/prometheus-app.yaml: Using EditorConfig core...
student_02_439769e97d04/prometheus-app.yaml: {}
student_02_439769e97d04/pod-monitoring.yaml: {}
student_02_439769e97d04/pod-monitoring.yaml: {}
student_02_439769e97d04/pod-monitoring.yaml: Using EditorConfig core...
student_02_439769e97d04/pod-monitoring.yaml: {}
student_02_439769e97d04/pod-monitoring.yaml: Using EditorConfig core...
student_02_439769e97d04/pod-monitoring.yaml: {}
student_02_439769e97d04/pod-monitoring.yaml: Using EditorConfig core...
student_02_439769e97d04/pod-monitoring.yaml: {}
student_02_439769e97d04/pod-monitoring.yaml: Using EditorConfig core...
student_02_439769e97d04/prometheus-app.yaml: {}
student_02_439769e97d04/pod-monitoring.yaml: {}
student_02_439769e97d04/pod-monitoring.yaml: Using EditorConfig core...
student_02_439769e97d04/pod-monitoring.yaml: Using EditorConfig core...
student_02_439769e97d04/pod-monitoring.yaml: Using EditorConfig core...
student_02_439769e97d04/pod-monitoring.yaml: {}
student_02_439769e97d04/pod-monitoring.yaml: {}
student_02_439769e97d04/pod-monitoring.yaml: Using EditorConfig core...
student_02_439769e97d04/pod-monitoring.yaml: {}
student_02_439769e97d04/hello-app/manifests/helloweb-deployment.yaml: {}
student_02_439769e97d04/hello-app/manifests/helloweb-deployment.yaml: {}
student_02_439769e97d04/hello-app/manifests/helloweb-deployment.yaml: {}
student_02_439769e97d04/hello-app/manifests/helloweb-deployment.yaml: {}
student_02_439769e97d04/hello-app/manifests/helloweb-deployment.yaml: {}
student_02_439769e97d04/hello-app/manifests/helloweb-deployment.yaml: Using EditorConfig core...
student_02_439769e97d04/hello-app/manifests/helloweb-deployment.yaml: {}
student_02_439769e97d04/hello-app/manifests/helloweb-deployment.yaml: {}
student_02_439769e97d04/hello-app/manifests/helloweb-deployment.yaml: Using EditorConfig core...
student_02_439769e97d04/hello-app/manifests/helloweb-deployment.yaml: {}
student_02_439769e97d04/hello-app/manifests/helloweb-deployment.yaml: {}
student_02_439769e97d04/hello-app/main.go: {}
student_02_439769e97d04/hello-app/main.go: {}
student_02_439769e97d04/hello-app/main.go: Using EditorConfig core...
student_02_439769e97d04/hello-app/main.go: {}
student_02_439769e97d04/hello-app/main.go: {}
student_02_439769e97d04/hello-app/manifests/helloweb-deployment.yaml: {}
student_02_439769e97d04/hello-app/manifests/helloweb-deployment.yaml: {}
student_02_439769e97d04/hello-app/manifests/helloweb-deployment.yaml: {}
student_02_439769e97d04/hello-app/manifests/helloweb-deployment.yaml: {}
student_02_439769e97d04/hello-app/manifests/helloweb-deployment.yaml: Using EditorConfig core...
student_02_439769e97d04/hello-app/manifests/helloweb-deployment.yaml: Using EditorConfig core...
student_02_439769e97d04/hello-app/manifests/helloweb-deployment.yaml: {}
student_02_439769e97d04/hello-app/manifests/helloweb-deployment.yaml: Using EditorConfig core...
student_02_439769e97d04/hello-app/manifests/helloweb-deployment.yaml: Using EditorConfig core...
student_02_439769e97d04/hello-app/manifests/helloweb-deployment.yaml: {}
student_02_439769e97d04/hello-app/manifests/helloweb-deployment.yaml: {}
student_02_439769e97d04/hello-app/Dockerfile: {}
student_02_439769e97d04/hello-app/main.go: {}
student_02_439769e97d04/hello-app/Dockerfile: {}
student_02_439769e97d04/hello-app/Dockerfile: {}
